2022-06-23 15:16:41,394:INFO:PyCaret Supervised Module
2022-06-23 15:16:41,414:INFO:ML Usecase: anomaly
2022-06-23 15:16:41,414:INFO:version 2.3.10
2022-06-23 15:16:41,414:INFO:Initializing setup()
2022-06-23 15:16:41,416:INFO:setup(target=None, ml_usecase=anomaly, available_plots={'tsne': 'Anomaly TSnE (3d)', 'umap': 'UMAP Dimensionality'}, train_size=0.7, test_data=None, preprocess=True, imputation_type=simple, iterative_imputation_iters=5, categorical_features=None, categorical_imputation=mode, categorical_iterative_imputer=lightgbm, ordinal_features=None, high_cardinality_features=None, high_cardinality_method=frequency, numeric_features=None, numeric_imputation=mean, numeric_iterative_imputer=lightgbm, date_features=None, ignore_features=None, normalize=False, normalize_method=zscore, transformation=False, transformation_method=yeo-johnson, handle_unknown_categorical=True, unknown_categorical_method=least_frequent, pca=False, pca_method=linear, pca_components=None, ignore_low_variance=False, combine_rare_levels=False, rare_level_threshold=0.1, bin_numeric_features=None, remove_outliers=False, outliers_threshold=0.05, remove_multicollinearity=False, multicollinearity_threshold=0.9, remove_perfect_collinearity=False, create_clusters=False, cluster_iter=20, polynomial_features=False, polynomial_degree=2, trigonometry_features=False, polynomial_threshold=0.1, group_features=None, group_names=None, feature_selection=False, feature_selection_threshold=0.8, feature_selection_method=classic, feature_interaction=False, feature_ratio=False, interaction_threshold=0.01, fix_imbalance=False, fix_imbalance_method=None, transform_target=False, transform_target_method=box-cox, data_split_shuffle=False, data_split_stratify=False, fold_strategy=kfold, fold=10, fold_shuffle=False, fold_groups=None, n_jobs=-1, use_gpu=False, custom_pipeline=None, html=True, session_id=None, log_experiment=False, experiment_name=None, experiment_custom_tags=None, log_plots=False, log_profile=False, log_data=False, silent=False, verbose=True, profile=False, profile_kwargs=None, display=None)
2022-06-23 15:16:41,416:INFO:Checking environment
2022-06-23 15:16:41,416:INFO:python_version: 3.8.13
2022-06-23 15:16:41,416:INFO:python_build: ('default', 'Mar 28 2022 06:59:08')
2022-06-23 15:16:41,417:INFO:machine: AMD64
2022-06-23 15:16:41,417:INFO:platform: Windows-10-10.0.19044-SP0
2022-06-23 15:16:41,417:INFO:Memory: svmem(total=17015459840, available=8154587136, percent=52.1, used=8860872704, free=8154587136)
2022-06-23 15:16:41,417:INFO:Physical Core: 4
2022-06-23 15:16:41,417:INFO:Logical Core: 8
2022-06-23 15:16:41,418:INFO:Checking libraries
2022-06-23 15:16:41,418:INFO:pd==1.4.2
2022-06-23 15:16:41,418:INFO:numpy==1.19.5
2022-06-23 15:16:41,418:INFO:sklearn==0.23.2
2022-06-23 15:16:41,418:INFO:lightgbm==3.3.2
2022-06-23 15:16:41,422:WARNING:catboost not found
2022-06-23 15:16:41,422:WARNING:xgboost not found
2022-06-23 15:16:41,422:INFO:mlflow==1.26.1
2022-06-23 15:16:41,422:INFO:Checking Exceptions
2022-06-23 15:16:41,422:INFO:Declaring global variables
2022-06-23 15:16:41,422:INFO:USI: b9a0
2022-06-23 15:16:41,422:INFO:pycaret_globals: {'prep_pipe', 'create_model_container', 'target_param', '_ml_usecase', 'fix_imbalance_method_param', 'fold_groups_param', 'imputation_classifier', 'stratify_param', '_all_models', '_gpu_n_jobs_param', 'pycaret_globals', 'display_container', 'gpu_param', 'seed', 'fold_groups_param_full', 'iterative_imputation_iters_param', 'master_model_container', 'data_before_preprocess', '_all_models_internal', 'imputation_regressor', 'X', 'fix_imbalance_param', '_available_plots', 'fold_generator', 'logging_param', '_all_metrics', 'USI', 'log_plots_param', 'n_jobs_param', 'experiment__', 'dashboard_logger', 'transform_target_method_param', 'fold_param', 'html_param', 'transform_target_param', 'fold_shuffle_param', 'exp_name_log', '_internal_pipeline'}
2022-06-23 15:16:41,422:INFO:Preparing display monitor
2022-06-23 15:16:41,426:INFO:Preparing display monitor
2022-06-23 15:16:41,581:INFO:Importing libraries
2022-06-23 15:16:41,581:INFO:Copying data for preprocessing
2022-06-23 15:16:41,613:INFO:Declaring preprocessing parameters
2022-06-23 15:16:44,779:INFO:Creating preprocessing pipeline
2022-06-23 15:16:44,825:INFO:Preprocessing pipeline created successfully
2022-06-23 15:16:44,825:ERROR:(Process Exit): setup has been interupted with user command 'quit'. setup must rerun.
2022-06-23 15:16:44,825:INFO:Creating global containers
2022-06-23 15:16:44,841:INFO:Internal pipeline: Pipeline(memory=None, steps=[('empty_step', 'passthrough')], verbose=False)
2022-06-23 15:18:14,687:INFO:Creating grid variables
2022-06-23 15:18:14,718:INFO:create_model_container: 0
2022-06-23 15:18:14,719:INFO:master_model_container: 0
2022-06-23 15:18:14,720:INFO:display_container: 1
2022-06-23 15:18:14,739:INFO:Pipeline(memory=None,
         steps=[('dtypes',
                 DataTypes_Auto_infer(categorical_features=[],
                                      display_types=True, features_todrop=[],
                                      id_columns=['Unnamed: 0'],
                                      ml_usecase='regression',
                                      numerical_features=[],
                                      target='UNSUPERVISED_DUMMY_TARGET',
                                      time_features=[])),
                ('imputer',
                 Simple_Imputer(categorical_strategy='most frequent',
                                fill_value_categorical=None,
                                fill_value_num...
                ('scaling', 'passthrough'), ('P_transform', 'passthrough'),
                ('binn', 'passthrough'), ('rem_outliers', 'passthrough'),
                ('cluster_all', 'passthrough'),
                ('dummy', Dummify(target='UNSUPERVISED_DUMMY_TARGET')),
                ('fix_perfect', 'passthrough'),
                ('clean_names', Clean_Colum_Names()),
                ('feature_select', 'passthrough'), ('fix_multi', 'passthrough'),
                ('dfs', 'passthrough'), ('pca', 'passthrough')],
         verbose=False)
2022-06-23 15:18:14,741:INFO:setup() succesfully completed......................................
2022-06-23 15:19:36,746:INFO:PyCaret Supervised Module
2022-06-23 15:19:36,746:INFO:ML Usecase: anomaly
2022-06-23 15:19:36,746:INFO:version 2.3.10
2022-06-23 15:19:36,746:INFO:Initializing setup()
2022-06-23 15:19:36,746:INFO:setup(target=None, ml_usecase=anomaly, available_plots={'tsne': 'Anomaly TSnE (3d)', 'umap': 'UMAP Dimensionality'}, train_size=0.7, test_data=None, preprocess=True, imputation_type=simple, iterative_imputation_iters=5, categorical_features=None, categorical_imputation=mode, categorical_iterative_imputer=lightgbm, ordinal_features=None, high_cardinality_features=None, high_cardinality_method=frequency, numeric_features=None, numeric_imputation=mean, numeric_iterative_imputer=lightgbm, date_features=None, ignore_features=None, normalize=False, normalize_method=zscore, transformation=False, transformation_method=yeo-johnson, handle_unknown_categorical=True, unknown_categorical_method=least_frequent, pca=False, pca_method=linear, pca_components=None, ignore_low_variance=False, combine_rare_levels=False, rare_level_threshold=0.1, bin_numeric_features=None, remove_outliers=False, outliers_threshold=0.05, remove_multicollinearity=False, multicollinearity_threshold=0.9, remove_perfect_collinearity=False, create_clusters=False, cluster_iter=20, polynomial_features=False, polynomial_degree=2, trigonometry_features=False, polynomial_threshold=0.1, group_features=None, group_names=None, feature_selection=False, feature_selection_threshold=0.8, feature_selection_method=classic, feature_interaction=False, feature_ratio=False, interaction_threshold=0.01, fix_imbalance=False, fix_imbalance_method=None, transform_target=False, transform_target_method=box-cox, data_split_shuffle=False, data_split_stratify=False, fold_strategy=kfold, fold=10, fold_shuffle=False, fold_groups=None, n_jobs=-1, use_gpu=False, custom_pipeline=None, html=True, session_id=None, log_experiment=False, experiment_name=None, experiment_custom_tags=None, log_plots=False, log_profile=False, log_data=False, silent=False, verbose=True, profile=False, profile_kwargs=None, display=None)
2022-06-23 15:19:36,749:INFO:Checking environment
2022-06-23 15:19:36,749:INFO:python_version: 3.8.13
2022-06-23 15:19:36,749:INFO:python_build: ('default', 'Mar 28 2022 06:59:08')
2022-06-23 15:19:36,750:INFO:machine: AMD64
2022-06-23 15:19:36,750:INFO:platform: Windows-10-10.0.19044-SP0
2022-06-23 15:19:36,750:INFO:Memory: svmem(total=17015459840, available=8171831296, percent=52.0, used=8843628544, free=8171831296)
2022-06-23 15:19:36,750:INFO:Physical Core: 4
2022-06-23 15:19:36,750:INFO:Logical Core: 8
2022-06-23 15:19:36,751:INFO:Checking libraries
2022-06-23 15:19:36,751:INFO:pd==1.4.2
2022-06-23 15:19:36,751:INFO:numpy==1.19.5
2022-06-23 15:19:36,751:INFO:sklearn==0.23.2
2022-06-23 15:19:36,752:INFO:lightgbm==3.3.2
2022-06-23 15:19:36,755:WARNING:catboost not found
2022-06-23 15:19:36,758:WARNING:xgboost not found
2022-06-23 15:19:36,758:INFO:mlflow==1.26.1
2022-06-23 15:19:36,759:INFO:Checking Exceptions
2022-06-23 15:19:36,759:INFO:Declaring global variables
2022-06-23 15:19:36,759:INFO:USI: 5420
2022-06-23 15:19:36,759:INFO:pycaret_globals: {'prep_pipe', 'create_model_container', 'target_param', '_ml_usecase', 'fix_imbalance_method_param', 'fold_groups_param', 'imputation_classifier', 'stratify_param', '_all_models', '_gpu_n_jobs_param', 'pycaret_globals', 'display_container', 'gpu_param', 'seed', 'fold_groups_param_full', 'iterative_imputation_iters_param', 'master_model_container', 'data_before_preprocess', '_all_models_internal', 'imputation_regressor', 'X', 'fix_imbalance_param', '_available_plots', 'fold_generator', 'logging_param', '_all_metrics', 'USI', 'log_plots_param', 'n_jobs_param', 'experiment__', 'dashboard_logger', 'transform_target_method_param', 'fold_param', 'html_param', 'transform_target_param', 'fold_shuffle_param', 'exp_name_log', '_internal_pipeline'}
2022-06-23 15:19:36,759:INFO:Preparing display monitor
2022-06-23 15:19:36,760:INFO:Preparing display monitor
2022-06-23 15:19:36,789:INFO:Importing libraries
2022-06-23 15:19:36,789:INFO:Copying data for preprocessing
2022-06-23 15:19:36,813:INFO:Declaring preprocessing parameters
2022-06-23 15:19:36,854:INFO:Creating preprocessing pipeline
2022-06-23 15:19:36,890:INFO:Preprocessing pipeline created successfully
2022-06-23 15:19:36,890:ERROR:(Process Exit): setup has been interupted with user command 'quit'. setup must rerun.
2022-06-23 15:19:36,891:INFO:Creating global containers
2022-06-23 15:19:36,893:INFO:Internal pipeline: Pipeline(memory=None, steps=[('empty_step', 'passthrough')], verbose=False)
2022-06-23 15:19:43,671:INFO:Creating grid variables
2022-06-23 15:19:43,710:INFO:create_model_container: 0
2022-06-23 15:19:43,710:INFO:master_model_container: 0
2022-06-23 15:19:43,710:INFO:display_container: 1
2022-06-23 15:19:43,728:INFO:Pipeline(memory=None,
         steps=[('dtypes',
                 DataTypes_Auto_infer(categorical_features=[],
                                      display_types=True, features_todrop=[],
                                      id_columns=['Unnamed: 0'],
                                      ml_usecase='regression',
                                      numerical_features=[],
                                      target='UNSUPERVISED_DUMMY_TARGET',
                                      time_features=[])),
                ('imputer',
                 Simple_Imputer(categorical_strategy='most frequent',
                                fill_value_categorical=None,
                                fill_value_num...
                ('scaling', 'passthrough'), ('P_transform', 'passthrough'),
                ('binn', 'passthrough'), ('rem_outliers', 'passthrough'),
                ('cluster_all', 'passthrough'),
                ('dummy', Dummify(target='UNSUPERVISED_DUMMY_TARGET')),
                ('fix_perfect', 'passthrough'),
                ('clean_names', Clean_Colum_Names()),
                ('feature_select', 'passthrough'), ('fix_multi', 'passthrough'),
                ('dfs', 'passthrough'), ('pca', 'passthrough')],
         verbose=False)
2022-06-23 15:19:43,728:INFO:setup() succesfully completed......................................
2022-06-23 15:21:46,785:INFO:Initializing create_model()
2022-06-23 15:21:46,786:INFO:create_model(estimator=iforest, num_clusters=4, fraction=0.05, ground_truth=None, round=4, fit_kwargs=None, verbose=True, system=True, add_to_model_list=True, raise_num_clusters=False, experiment_custom_tags=None, display=None, kwargs={})
2022-06-23 15:21:46,786:INFO:Checking exceptions
2022-06-23 15:21:46,786:INFO:Preparing display monitor
2022-06-23 15:21:46,812:INFO:Importing libraries
2022-06-23 15:21:46,833:INFO:Importing untrained model
2022-06-23 15:21:46,855:INFO:Isolation Forest Imported succesfully
2022-06-23 15:21:46,884:INFO:Fitting Model
2022-06-23 15:22:02,625:INFO:IForest(behaviour='new', bootstrap=False, contamination=0.05,
    max_features=1.0, max_samples='auto', n_estimators=100, n_jobs=-1,
    random_state=8435, verbose=0)
2022-06-23 15:22:02,626:INFO:create_models() succesfully completed......................................
2022-06-23 15:22:02,627:INFO:Uploading results into container
2022-06-23 15:22:02,630:INFO:Uploading model into container now
2022-06-23 15:22:02,632:INFO:create_model_container: 1
2022-06-23 15:22:02,633:INFO:master_model_container: 1
2022-06-23 15:22:02,633:INFO:display_container: 2
2022-06-23 15:22:02,635:INFO:IForest(behaviour='new', bootstrap=False, contamination=0.05,
    max_features=1.0, max_samples='auto', n_estimators=100, n_jobs=-1,
    random_state=8435, verbose=0)
2022-06-23 15:22:02,635:INFO:create_model() succesfully completed......................................
2022-06-23 15:22:02,789:INFO:gpu_param set to False
2022-06-23 15:22:46,879:INFO:Initializing create_model()
2022-06-23 15:22:46,879:INFO:create_model(estimator=svm, num_clusters=4, fraction=0.05, ground_truth=None, round=4, fit_kwargs=None, verbose=True, system=True, add_to_model_list=True, raise_num_clusters=False, experiment_custom_tags=None, display=None, kwargs={})
2022-06-23 15:22:46,879:INFO:Checking exceptions
2022-06-23 15:22:46,880:INFO:Preparing display monitor
2022-06-23 15:22:46,920:INFO:Importing libraries
2022-06-23 15:22:47,025:INFO:Importing untrained model
2022-06-23 15:22:47,057:INFO:One-class SVM detector Imported succesfully
2022-06-23 15:22:47,104:INFO:Fitting Model
2022-06-23 15:23:44,185:INFO:OCSVM(cache_size=200, coef0=0.0, contamination=0.05, degree=3, gamma='auto',
   kernel='rbf', max_iter=-1, nu=0.5, shrinking=True, tol=0.001,
   verbose=False)
2022-06-23 15:23:44,187:INFO:create_models() succesfully completed......................................
2022-06-23 15:23:44,187:INFO:Uploading results into container
2022-06-23 15:23:44,187:INFO:Uploading model into container now
2022-06-23 15:23:44,187:INFO:create_model_container: 2
2022-06-23 15:23:44,192:INFO:master_model_container: 2
2022-06-23 15:23:44,192:INFO:display_container: 3
2022-06-23 15:23:44,193:INFO:OCSVM(cache_size=200, coef0=0.0, contamination=0.05, degree=3, gamma='auto',
   kernel='rbf', max_iter=-1, nu=0.5, shrinking=True, tol=0.001,
   verbose=False)
2022-06-23 15:23:44,193:INFO:create_model() succesfully completed......................................
2022-06-23 15:23:44,331:INFO:Initializing create_model()
2022-06-23 15:23:44,331:INFO:create_model(estimator=svm, num_clusters=4, fraction=0.05, ground_truth=None, round=4, fit_kwargs=None, verbose=True, system=True, add_to_model_list=True, raise_num_clusters=False, experiment_custom_tags=None, display=None, kwargs={})
2022-06-23 15:23:44,332:INFO:Checking exceptions
2022-06-23 15:23:44,333:INFO:Preparing display monitor
2022-06-23 15:23:44,369:INFO:Importing libraries
2022-06-23 15:23:44,393:INFO:Importing untrained model
2022-06-23 15:23:44,418:INFO:One-class SVM detector Imported succesfully
2022-06-23 15:23:44,443:INFO:Fitting Model
2022-06-23 15:24:41,285:INFO:OCSVM(cache_size=200, coef0=0.0, contamination=0.05, degree=3, gamma='auto',
   kernel='rbf', max_iter=-1, nu=0.5, shrinking=True, tol=0.001,
   verbose=False)
2022-06-23 15:24:41,285:INFO:create_models() succesfully completed......................................
2022-06-23 15:24:41,287:INFO:Uploading results into container
2022-06-23 15:24:41,287:INFO:Uploading model into container now
2022-06-23 15:24:41,292:INFO:create_model_container: 3
2022-06-23 15:24:41,293:INFO:master_model_container: 3
2022-06-23 15:24:41,293:INFO:display_container: 4
2022-06-23 15:24:41,294:INFO:OCSVM(cache_size=200, coef0=0.0, contamination=0.05, degree=3, gamma='auto',
   kernel='rbf', max_iter=-1, nu=0.5, shrinking=True, tol=0.001,
   verbose=False)
2022-06-23 15:24:41,295:INFO:create_model() succesfully completed......................................
2022-06-23 15:24:41,452:INFO:Initializing plot_model()
2022-06-23 15:24:41,453:INFO:plot_model(fold=None, use_train_data=False, verbose=True, is_in_evaluate=False, display=None, display_format=None, estimator=OCSVM(cache_size=200, coef0=0.0, contamination=0.05, degree=3, gamma='auto',
   kernel='rbf', max_iter=-1, nu=0.5, shrinking=True, tol=0.001,
   verbose=False), feature_name=None, fit_kwargs=None, groups=None, label=False, plot=tsne, plot_kwargs=None, save=False, scale=1, system=True)
2022-06-23 15:24:41,453:INFO:Checking exceptions
2022-06-23 15:24:41,454:INFO:Preparing display monitor
2022-06-23 15:24:41,480:INFO:Preloading libraries
2022-06-23 15:24:41,486:INFO:Copying training dataset
2022-06-23 15:24:41,487:INFO:Plot type: tsne
2022-06-23 15:24:41,490:INFO:SubProcess assign_model() called ==================================
2022-06-23 15:24:41,492:INFO:Initializing assign_model()
2022-06-23 15:24:41,493:INFO:assign_model(model=OCSVM(cache_size=200, coef0=0.0, contamination=0.05, degree=3, gamma='auto',
   kernel='rbf', max_iter=-1, nu=0.5, shrinking=True, tol=0.001,
   verbose=False), transformation=True, score=False, verbose=False)
2022-06-23 15:24:41,493:INFO:Checking exceptions
2022-06-23 15:24:41,494:INFO:Determining Trained Model
2022-06-23 15:24:41,495:INFO:Trained Model : One-class SVM detector
2022-06-23 15:24:41,495:INFO:Copying data
2022-06-23 15:24:41,496:INFO:Transformation param set to True. Assigned clusters are attached on transformed dataset.
2022-06-23 15:24:41,497:INFO:(17520, 6)
2022-06-23 15:24:41,497:INFO:assign_model() succesfully completed......................................
2022-06-23 15:24:41,498:INFO:SubProcess assign_model() end ==================================
2022-06-23 15:24:41,501:INFO:Getting dummies to cast categorical variables
2022-06-23 15:24:41,501:INFO:Fitting TSNE()
2022-06-23 15:27:43,594:INFO:Initializing plot_model()
2022-06-23 15:27:43,594:INFO:plot_model(fold=None, use_train_data=False, verbose=True, is_in_evaluate=False, display=None, display_format=None, estimator=OCSVM(cache_size=200, coef0=0.0, contamination=0.05, degree=3, gamma='auto',
   kernel='rbf', max_iter=-1, nu=0.5, shrinking=True, tol=0.001,
   verbose=False), feature_name=None, fit_kwargs=None, groups=None, label=False, plot=umap, plot_kwargs=None, save=False, scale=1, system=True)
2022-06-23 15:27:43,598:INFO:Checking exceptions
2022-06-23 15:27:43,598:INFO:Preparing display monitor
2022-06-23 15:27:43,627:INFO:Preloading libraries
2022-06-23 15:27:43,635:INFO:Copying training dataset
2022-06-23 15:27:43,636:INFO:Plot type: umap
2022-06-23 15:27:43,640:INFO:SubProcess assign_model() called ==================================
2022-06-23 15:27:43,642:INFO:Initializing assign_model()
2022-06-23 15:27:43,642:INFO:assign_model(model=OCSVM(cache_size=200, coef0=0.0, contamination=0.05, degree=3, gamma='auto',
   kernel='rbf', max_iter=-1, nu=0.5, shrinking=True, tol=0.001,
   verbose=False), transformation=True, score=False, verbose=False)
2022-06-23 15:27:43,642:INFO:Checking exceptions
2022-06-23 15:27:43,643:INFO:Determining Trained Model
2022-06-23 15:27:43,644:INFO:Trained Model : One-class SVM detector
2022-06-23 15:27:43,645:INFO:Copying data
2022-06-23 15:27:43,646:INFO:Transformation param set to True. Assigned clusters are attached on transformed dataset.
2022-06-23 15:27:43,647:INFO:(17520, 6)
2022-06-23 15:27:43,648:INFO:assign_model() succesfully completed......................................
2022-06-23 15:27:43,648:INFO:SubProcess assign_model() end ==================================
2022-06-23 15:28:10,840:INFO:Fitting UMAP()
2022-06-23 15:29:45,245:INFO:Rendering Visual
2022-06-23 15:29:54,488:INFO:Visual Rendered Successfully
2022-06-23 15:29:54,722:INFO:plot_model() succesfully completed......................................
2022-06-23 15:29:54,738:INFO:Initializing assign_model()
2022-06-23 15:29:54,738:INFO:assign_model(model=OCSVM(cache_size=200, coef0=0.0, contamination=0.05, degree=3, gamma='auto',
   kernel='rbf', max_iter=-1, nu=0.5, shrinking=True, tol=0.001,
   verbose=False), transformation=False, score=True, verbose=True)
2022-06-23 15:29:54,739:INFO:Checking exceptions
2022-06-23 15:29:54,739:INFO:Determining Trained Model
2022-06-23 15:29:54,740:INFO:Trained Model : One-class SVM detector
2022-06-23 15:29:54,740:INFO:Copying data
2022-06-23 15:29:54,743:INFO:(17520, 8)
2022-06-23 15:29:54,743:INFO:assign_model() succesfully completed......................................
2022-06-23 15:29:54,788:INFO:Initializing assign_model()
2022-06-23 15:29:54,789:INFO:assign_model(model=OCSVM(cache_size=200, coef0=0.0, contamination=0.05, degree=3, gamma='auto',
   kernel='rbf', max_iter=-1, nu=0.5, shrinking=True, tol=0.001,
   verbose=False), transformation=False, score=True, verbose=True)
2022-06-23 15:29:54,789:INFO:Checking exceptions
2022-06-23 15:29:54,790:INFO:Determining Trained Model
2022-06-23 15:29:54,791:INFO:Trained Model : One-class SVM detector
2022-06-23 15:29:54,792:INFO:Copying data
2022-06-23 15:29:54,795:INFO:(17520, 8)
2022-06-23 15:29:54,795:INFO:assign_model() succesfully completed......................................
2022-06-23 15:32:07,947:INFO:Initializing assign_model()
2022-06-23 15:32:07,947:INFO:assign_model(model=OCSVM(cache_size=200, coef0=0.0, contamination=0.05, degree=3, gamma='auto',
   kernel='rbf', max_iter=-1, nu=0.5, shrinking=True, tol=0.001,
   verbose=False), transformation=False, score=True, verbose=True)
2022-06-23 15:32:07,947:INFO:Checking exceptions
2022-06-23 15:32:07,947:INFO:Determining Trained Model
2022-06-23 15:32:07,948:INFO:Trained Model : One-class SVM detector
2022-06-23 15:32:07,948:INFO:Copying data
2022-06-23 15:32:07,951:INFO:(17520, 8)
2022-06-23 15:32:07,952:INFO:assign_model() succesfully completed......................................
2022-06-23 15:32:57,883:INFO:Initializing predict_model()
2022-06-23 15:32:57,885:INFO:predict_model(estimator=OCSVM(cache_size=200, coef0=0.0, contamination=0.05, degree=3, gamma='auto',
   kernel='rbf', max_iter=-1, nu=0.5, shrinking=True, tol=0.001,
   verbose=False), ml_usecase=MLUsecase.ANOMALY)
2022-06-23 15:42:55,867:INFO:PyCaret Supervised Module
2022-06-23 15:42:55,869:INFO:ML Usecase: anomaly
2022-06-23 15:42:55,871:INFO:version 2.3.10
2022-06-23 15:42:55,871:INFO:Initializing setup()
2022-06-23 15:42:55,873:INFO:setup(target=None, ml_usecase=anomaly, available_plots={'tsne': 'Anomaly TSnE (3d)', 'umap': 'UMAP Dimensionality'}, train_size=0.7, test_data=None, preprocess=True, imputation_type=simple, iterative_imputation_iters=5, categorical_features=None, categorical_imputation=mode, categorical_iterative_imputer=lightgbm, ordinal_features=None, high_cardinality_features=None, high_cardinality_method=frequency, numeric_features=None, numeric_imputation=mean, numeric_iterative_imputer=lightgbm, date_features=None, ignore_features=None, normalize=False, normalize_method=zscore, transformation=False, transformation_method=yeo-johnson, handle_unknown_categorical=True, unknown_categorical_method=least_frequent, pca=False, pca_method=linear, pca_components=None, ignore_low_variance=False, combine_rare_levels=False, rare_level_threshold=0.1, bin_numeric_features=None, remove_outliers=False, outliers_threshold=0.05, remove_multicollinearity=False, multicollinearity_threshold=0.9, remove_perfect_collinearity=False, create_clusters=False, cluster_iter=20, polynomial_features=False, polynomial_degree=2, trigonometry_features=False, polynomial_threshold=0.1, group_features=None, group_names=None, feature_selection=False, feature_selection_threshold=0.8, feature_selection_method=classic, feature_interaction=False, feature_ratio=False, interaction_threshold=0.01, fix_imbalance=False, fix_imbalance_method=None, transform_target=False, transform_target_method=box-cox, data_split_shuffle=False, data_split_stratify=False, fold_strategy=kfold, fold=10, fold_shuffle=False, fold_groups=None, n_jobs=-1, use_gpu=False, custom_pipeline=None, html=True, session_id=None, log_experiment=False, experiment_name=None, experiment_custom_tags=None, log_plots=False, log_profile=False, log_data=False, silent=False, verbose=True, profile=False, profile_kwargs=None, display=None)
2022-06-23 15:42:55,874:INFO:Checking environment
2022-06-23 15:42:55,874:INFO:python_version: 3.8.13
2022-06-23 15:42:55,875:INFO:python_build: ('default', 'Mar 28 2022 06:59:08')
2022-06-23 15:42:55,876:INFO:machine: AMD64
2022-06-23 15:42:55,876:INFO:platform: Windows-10-10.0.19044-SP0
2022-06-23 15:42:55,877:INFO:Memory: svmem(total=17015459840, available=8392605696, percent=50.7, used=8622854144, free=8392605696)
2022-06-23 15:42:55,877:INFO:Physical Core: 4
2022-06-23 15:42:55,878:INFO:Logical Core: 8
2022-06-23 15:42:55,878:INFO:Checking libraries
2022-06-23 15:42:55,879:INFO:pd==1.4.2
2022-06-23 15:42:55,879:INFO:numpy==1.19.5
2022-06-23 15:42:55,880:INFO:sklearn==0.23.2
2022-06-23 15:42:55,881:INFO:lightgbm==3.3.2
2022-06-23 15:42:55,888:WARNING:catboost not found
2022-06-23 15:42:55,890:WARNING:xgboost not found
2022-06-23 15:42:55,890:INFO:mlflow==1.26.1
2022-06-23 15:42:55,890:INFO:Checking Exceptions
2022-06-23 15:42:55,890:INFO:Declaring global variables
2022-06-23 15:42:55,891:INFO:USI: 640e
2022-06-23 15:42:55,891:INFO:pycaret_globals: {'prep_pipe', 'create_model_container', 'target_param', '_ml_usecase', 'fix_imbalance_method_param', 'fold_groups_param', 'imputation_classifier', 'stratify_param', '_all_models', '_gpu_n_jobs_param', 'pycaret_globals', 'display_container', 'gpu_param', 'seed', 'fold_groups_param_full', 'iterative_imputation_iters_param', 'master_model_container', 'data_before_preprocess', '_all_models_internal', 'imputation_regressor', 'X', 'fix_imbalance_param', '_available_plots', 'fold_generator', 'logging_param', '_all_metrics', 'USI', 'log_plots_param', 'n_jobs_param', 'experiment__', 'dashboard_logger', 'transform_target_method_param', 'fold_param', 'html_param', 'transform_target_param', 'fold_shuffle_param', 'exp_name_log', '_internal_pipeline'}
2022-06-23 15:42:55,891:INFO:Preparing display monitor
2022-06-23 15:42:55,891:INFO:Preparing display monitor
2022-06-23 15:42:55,924:INFO:Importing libraries
2022-06-23 15:42:55,924:INFO:Copying data for preprocessing
2022-06-23 15:42:55,942:INFO:Declaring preprocessing parameters
2022-06-23 15:42:55,995:INFO:Creating preprocessing pipeline
2022-06-23 15:42:56,022:INFO:Preprocessing pipeline created successfully
2022-06-23 15:42:56,022:ERROR:(Process Exit): setup has been interupted with user command 'quit'. setup must rerun.
2022-06-23 15:42:56,022:INFO:Creating global containers
2022-06-23 15:42:56,022:INFO:Internal pipeline: Pipeline(memory=None, steps=[('empty_step', 'passthrough')], verbose=False)
2022-06-23 15:42:57,827:INFO:Creating grid variables
2022-06-23 15:42:57,871:INFO:create_model_container: 0
2022-06-23 15:42:57,871:INFO:master_model_container: 0
2022-06-23 15:42:57,871:INFO:display_container: 1
2022-06-23 15:42:57,887:INFO:Pipeline(memory=None,
         steps=[('dtypes',
                 DataTypes_Auto_infer(categorical_features=[],
                                      display_types=True, features_todrop=[],
                                      id_columns=[], ml_usecase='regression',
                                      numerical_features=[],
                                      target='UNSUPERVISED_DUMMY_TARGET',
                                      time_features=[])),
                ('imputer',
                 Simple_Imputer(categorical_strategy='most frequent',
                                fill_value_categorical=None,
                                fill_value_numerical=None...
                ('scaling', 'passthrough'), ('P_transform', 'passthrough'),
                ('binn', 'passthrough'), ('rem_outliers', 'passthrough'),
                ('cluster_all', 'passthrough'),
                ('dummy', Dummify(target='UNSUPERVISED_DUMMY_TARGET')),
                ('fix_perfect', 'passthrough'),
                ('clean_names', Clean_Colum_Names()),
                ('feature_select', 'passthrough'), ('fix_multi', 'passthrough'),
                ('dfs', 'passthrough'), ('pca', 'passthrough')],
         verbose=False)
2022-06-23 15:42:57,887:INFO:setup() succesfully completed......................................
2022-06-23 15:43:04,532:INFO:Initializing create_model()
2022-06-23 15:43:04,533:INFO:create_model(estimator=svm, num_clusters=4, fraction=0.05, ground_truth=None, round=4, fit_kwargs=None, verbose=True, system=True, add_to_model_list=True, raise_num_clusters=False, experiment_custom_tags=None, display=None, kwargs={})
2022-06-23 15:43:04,534:INFO:Checking exceptions
2022-06-23 15:43:04,535:INFO:Preparing display monitor
2022-06-23 15:43:04,586:INFO:Importing libraries
2022-06-23 15:43:04,615:INFO:Importing untrained model
2022-06-23 15:43:04,647:INFO:One-class SVM detector Imported succesfully
2022-06-23 15:43:04,680:INFO:Fitting Model
2022-06-23 15:44:03,770:INFO:OCSVM(cache_size=200, coef0=0.0, contamination=0.05, degree=3, gamma='auto',
   kernel='rbf', max_iter=-1, nu=0.5, shrinking=True, tol=0.001,
   verbose=False)
2022-06-23 15:44:03,770:INFO:create_models() succesfully completed......................................
2022-06-23 15:44:03,770:INFO:Uploading results into container
2022-06-23 15:44:03,776:INFO:Uploading model into container now
2022-06-23 15:44:03,780:INFO:create_model_container: 1
2022-06-23 15:44:03,780:INFO:master_model_container: 1
2022-06-23 15:44:03,780:INFO:display_container: 2
2022-06-23 15:44:03,782:INFO:OCSVM(cache_size=200, coef0=0.0, contamination=0.05, degree=3, gamma='auto',
   kernel='rbf', max_iter=-1, nu=0.5, shrinking=True, tol=0.001,
   verbose=False)
2022-06-23 15:44:03,783:INFO:create_model() succesfully completed......................................
2022-06-23 16:03:05,581:INFO:PyCaret Supervised Module
2022-06-23 16:03:05,584:INFO:ML Usecase: anomaly
2022-06-23 16:03:05,584:INFO:version 2.3.10
2022-06-23 16:03:05,584:INFO:Initializing setup()
2022-06-23 16:03:05,585:INFO:setup(target=None, ml_usecase=anomaly, available_plots={'tsne': 'Anomaly TSnE (3d)', 'umap': 'UMAP Dimensionality'}, train_size=0.7, test_data=None, preprocess=True, imputation_type=simple, iterative_imputation_iters=5, categorical_features=None, categorical_imputation=mode, categorical_iterative_imputer=lightgbm, ordinal_features=None, high_cardinality_features=None, high_cardinality_method=frequency, numeric_features=None, numeric_imputation=mean, numeric_iterative_imputer=lightgbm, date_features=None, ignore_features=None, normalize=False, normalize_method=zscore, transformation=False, transformation_method=yeo-johnson, handle_unknown_categorical=True, unknown_categorical_method=least_frequent, pca=False, pca_method=linear, pca_components=None, ignore_low_variance=False, combine_rare_levels=False, rare_level_threshold=0.1, bin_numeric_features=None, remove_outliers=False, outliers_threshold=0.05, remove_multicollinearity=False, multicollinearity_threshold=0.9, remove_perfect_collinearity=False, create_clusters=False, cluster_iter=20, polynomial_features=False, polynomial_degree=2, trigonometry_features=False, polynomial_threshold=0.1, group_features=None, group_names=None, feature_selection=False, feature_selection_threshold=0.8, feature_selection_method=classic, feature_interaction=False, feature_ratio=False, interaction_threshold=0.01, fix_imbalance=False, fix_imbalance_method=None, transform_target=False, transform_target_method=box-cox, data_split_shuffle=False, data_split_stratify=False, fold_strategy=kfold, fold=10, fold_shuffle=False, fold_groups=None, n_jobs=-1, use_gpu=False, custom_pipeline=None, html=True, session_id=None, log_experiment=False, experiment_name=None, experiment_custom_tags=None, log_plots=False, log_profile=False, log_data=False, silent=False, verbose=True, profile=False, profile_kwargs=None, display=None)
2022-06-23 16:03:05,585:INFO:Checking environment
2022-06-23 16:03:05,586:INFO:python_version: 3.8.13
2022-06-23 16:03:05,587:INFO:python_build: ('default', 'Mar 28 2022 06:59:08')
2022-06-23 16:03:05,587:INFO:machine: AMD64
2022-06-23 16:03:05,587:INFO:platform: Windows-10-10.0.19044-SP0
2022-06-23 16:03:05,588:INFO:Memory: svmem(total=17015459840, available=9723084800, percent=42.9, used=7292375040, free=9723084800)
2022-06-23 16:03:05,588:INFO:Physical Core: 4
2022-06-23 16:03:05,588:INFO:Logical Core: 8
2022-06-23 16:03:05,589:INFO:Checking libraries
2022-06-23 16:03:05,589:INFO:pd==1.4.2
2022-06-23 16:03:05,589:INFO:numpy==1.19.5
2022-06-23 16:03:05,590:INFO:sklearn==0.23.2
2022-06-23 16:03:05,590:INFO:lightgbm==3.3.2
2022-06-23 16:03:05,593:WARNING:catboost not found
2022-06-23 16:03:05,593:WARNING:xgboost not found
2022-06-23 16:03:05,593:INFO:mlflow==1.26.1
2022-06-23 16:03:05,593:INFO:Checking Exceptions
2022-06-23 16:03:05,593:INFO:Declaring global variables
2022-06-23 16:03:05,593:INFO:USI: e78f
2022-06-23 16:03:05,593:INFO:pycaret_globals: {'n_jobs_param', 'logging_param', 'data_before_preprocess', 'USI', 'X', 'imputation_regressor', '_all_models_internal', 'transform_target_method_param', 'gpu_param', 'fold_param', 'iterative_imputation_iters_param', 'imputation_classifier', 'fold_groups_param_full', '_all_metrics', 'dashboard_logger', 'fold_groups_param', 'target_param', '_internal_pipeline', 'seed', '_all_models', 'exp_name_log', 'html_param', 'log_plots_param', 'fix_imbalance_method_param', 'stratify_param', 'prep_pipe', 'transform_target_param', 'fix_imbalance_param', 'master_model_container', 'fold_generator', 'create_model_container', 'experiment__', '_gpu_n_jobs_param', '_available_plots', 'fold_shuffle_param', 'pycaret_globals', 'display_container', '_ml_usecase'}
2022-06-23 16:03:05,593:INFO:Preparing display monitor
2022-06-23 16:03:05,593:INFO:Preparing display monitor
2022-06-23 16:03:05,709:INFO:Importing libraries
2022-06-23 16:03:05,709:INFO:Copying data for preprocessing
2022-06-23 16:03:05,744:INFO:Declaring preprocessing parameters
2022-06-23 16:03:08,422:INFO:Creating preprocessing pipeline
2022-06-23 16:03:08,455:INFO:Preprocessing pipeline created successfully
2022-06-23 16:03:08,455:ERROR:(Process Exit): setup has been interupted with user command 'quit'. setup must rerun.
2022-06-23 16:03:08,455:INFO:Creating global containers
2022-06-23 16:03:08,481:INFO:Internal pipeline: Pipeline(memory=None, steps=[('empty_step', 'passthrough')], verbose=False)
2022-06-23 16:06:22,186:INFO:Creating grid variables
2022-06-23 16:06:22,221:INFO:create_model_container: 0
2022-06-23 16:06:22,222:INFO:master_model_container: 0
2022-06-23 16:06:22,222:INFO:display_container: 1
2022-06-23 16:06:22,238:INFO:Pipeline(memory=None,
         steps=[('dtypes',
                 DataTypes_Auto_infer(categorical_features=[],
                                      display_types=True, features_todrop=[],
                                      id_columns=[], ml_usecase='regression',
                                      numerical_features=[],
                                      target='UNSUPERVISED_DUMMY_TARGET',
                                      time_features=[])),
                ('imputer',
                 Simple_Imputer(categorical_strategy='most frequent',
                                fill_value_categorical=None,
                                fill_value_numerical=None...
                ('scaling', 'passthrough'), ('P_transform', 'passthrough'),
                ('binn', 'passthrough'), ('rem_outliers', 'passthrough'),
                ('cluster_all', 'passthrough'),
                ('dummy', Dummify(target='UNSUPERVISED_DUMMY_TARGET')),
                ('fix_perfect', 'passthrough'),
                ('clean_names', Clean_Colum_Names()),
                ('feature_select', 'passthrough'), ('fix_multi', 'passthrough'),
                ('dfs', 'passthrough'), ('pca', 'passthrough')],
         verbose=False)
2022-06-23 16:06:22,238:INFO:setup() succesfully completed......................................
2022-06-23 16:06:22,365:INFO:Initializing create_model()
2022-06-23 16:06:22,366:INFO:create_model(estimator=svm, num_clusters=4, fraction=0.05, ground_truth=None, round=4, fit_kwargs=None, verbose=True, system=True, add_to_model_list=True, raise_num_clusters=False, experiment_custom_tags=None, display=None, kwargs={})
2022-06-23 16:06:22,366:INFO:Checking exceptions
2022-06-23 16:06:22,366:INFO:Preparing display monitor
2022-06-23 16:06:22,400:INFO:Importing libraries
2022-06-23 16:06:22,424:INFO:Importing untrained model
2022-06-23 16:06:22,452:INFO:One-class SVM detector Imported succesfully
2022-06-23 16:06:22,479:INFO:Fitting Model
2022-06-23 16:07:15,424:INFO:OCSVM(cache_size=200, coef0=0.0, contamination=0.05, degree=3, gamma='auto',
   kernel='rbf', max_iter=-1, nu=0.5, shrinking=True, tol=0.001,
   verbose=False)
2022-06-23 16:07:15,424:INFO:create_models() succesfully completed......................................
2022-06-23 16:07:15,424:INFO:Uploading results into container
2022-06-23 16:07:15,424:INFO:Uploading model into container now
2022-06-23 16:07:15,424:INFO:create_model_container: 1
2022-06-23 16:07:15,424:INFO:master_model_container: 1
2022-06-23 16:07:15,431:INFO:display_container: 2
2022-06-23 16:07:15,432:INFO:OCSVM(cache_size=200, coef0=0.0, contamination=0.05, degree=3, gamma='auto',
   kernel='rbf', max_iter=-1, nu=0.5, shrinking=True, tol=0.001,
   verbose=False)
2022-06-23 16:07:15,433:INFO:create_model() succesfully completed......................................
2022-06-23 16:07:15,557:INFO:gpu_param set to False
2022-06-23 16:07:15,605:INFO:Initializing plot_model()
2022-06-23 16:07:15,605:INFO:plot_model(fold=None, use_train_data=False, verbose=True, is_in_evaluate=False, display=None, display_format=None, estimator=OCSVM(cache_size=200, coef0=0.0, contamination=0.05, degree=3, gamma='auto',
   kernel='rbf', max_iter=-1, nu=0.5, shrinking=True, tol=0.001,
   verbose=False), feature_name=None, fit_kwargs=None, groups=None, label=False, plot=umap, plot_kwargs=None, save=False, scale=1, system=True)
2022-06-23 16:07:15,605:INFO:Checking exceptions
2022-06-23 16:07:15,606:INFO:Preparing display monitor
2022-06-23 16:07:15,630:INFO:Preloading libraries
2022-06-23 16:07:15,635:INFO:Copying training dataset
2022-06-23 16:07:15,635:INFO:Plot type: umap
2022-06-23 16:07:15,641:INFO:SubProcess assign_model() called ==================================
2022-06-23 16:07:15,642:INFO:Initializing assign_model()
2022-06-23 16:07:15,643:INFO:assign_model(model=OCSVM(cache_size=200, coef0=0.0, contamination=0.05, degree=3, gamma='auto',
   kernel='rbf', max_iter=-1, nu=0.5, shrinking=True, tol=0.001,
   verbose=False), transformation=True, score=False, verbose=False)
2022-06-23 16:07:15,643:INFO:Checking exceptions
2022-06-23 16:07:15,643:INFO:Determining Trained Model
2022-06-23 16:07:15,644:INFO:Trained Model : One-class SVM detector
2022-06-23 16:07:15,644:INFO:Copying data
2022-06-23 16:07:15,644:INFO:Transformation param set to True. Assigned clusters are attached on transformed dataset.
2022-06-23 16:07:15,646:INFO:(17520, 6)
2022-06-23 16:07:15,646:INFO:assign_model() succesfully completed......................................
2022-06-23 16:07:15,648:INFO:SubProcess assign_model() end ==================================
2022-06-23 16:07:30,192:INFO:Fitting UMAP()
2022-06-23 16:08:45,404:INFO:Rendering Visual
2022-06-23 16:09:04,078:INFO:Visual Rendered Successfully
2022-06-23 16:09:04,244:INFO:plot_model() succesfully completed......................................
2022-06-23 16:09:04,258:INFO:Initializing assign_model()
2022-06-23 16:09:04,259:INFO:assign_model(model=OCSVM(cache_size=200, coef0=0.0, contamination=0.05, degree=3, gamma='auto',
   kernel='rbf', max_iter=-1, nu=0.5, shrinking=True, tol=0.001,
   verbose=False), transformation=False, score=True, verbose=True)
2022-06-23 16:09:04,260:INFO:Checking exceptions
2022-06-23 16:09:04,260:INFO:Determining Trained Model
2022-06-23 16:09:04,260:INFO:Trained Model : One-class SVM detector
2022-06-23 16:09:04,260:INFO:Copying data
2022-06-23 16:09:04,264:INFO:(17520, 7)
2022-06-23 16:09:04,264:INFO:assign_model() succesfully completed......................................
2022-06-23 16:09:04,314:INFO:Initializing predict_model()
2022-06-23 16:09:04,314:INFO:predict_model(estimator=OCSVM(cache_size=200, coef0=0.0, contamination=0.05, degree=3, gamma='auto',
   kernel='rbf', max_iter=-1, nu=0.5, shrinking=True, tol=0.001,
   verbose=False), ml_usecase=MLUsecase.ANOMALY)
2022-06-23 16:09:52,115:INFO:PyCaret Supervised Module
2022-06-23 16:09:52,116:INFO:ML Usecase: anomaly
2022-06-23 16:09:52,116:INFO:version 2.3.10
2022-06-23 16:09:52,116:INFO:Initializing setup()
2022-06-23 16:09:52,117:INFO:setup(target=None, ml_usecase=anomaly, available_plots={'tsne': 'Anomaly TSnE (3d)', 'umap': 'UMAP Dimensionality'}, train_size=0.7, test_data=None, preprocess=True, imputation_type=simple, iterative_imputation_iters=5, categorical_features=None, categorical_imputation=mode, categorical_iterative_imputer=lightgbm, ordinal_features=None, high_cardinality_features=None, high_cardinality_method=frequency, numeric_features=None, numeric_imputation=mean, numeric_iterative_imputer=lightgbm, date_features=None, ignore_features=None, normalize=False, normalize_method=zscore, transformation=False, transformation_method=yeo-johnson, handle_unknown_categorical=True, unknown_categorical_method=least_frequent, pca=False, pca_method=linear, pca_components=None, ignore_low_variance=False, combine_rare_levels=False, rare_level_threshold=0.1, bin_numeric_features=None, remove_outliers=False, outliers_threshold=0.05, remove_multicollinearity=False, multicollinearity_threshold=0.9, remove_perfect_collinearity=False, create_clusters=False, cluster_iter=20, polynomial_features=False, polynomial_degree=2, trigonometry_features=False, polynomial_threshold=0.1, group_features=None, group_names=None, feature_selection=False, feature_selection_threshold=0.8, feature_selection_method=classic, feature_interaction=False, feature_ratio=False, interaction_threshold=0.01, fix_imbalance=False, fix_imbalance_method=None, transform_target=False, transform_target_method=box-cox, data_split_shuffle=False, data_split_stratify=False, fold_strategy=kfold, fold=10, fold_shuffle=False, fold_groups=None, n_jobs=-1, use_gpu=False, custom_pipeline=None, html=True, session_id=None, log_experiment=False, experiment_name=None, experiment_custom_tags=None, log_plots=False, log_profile=False, log_data=False, silent=False, verbose=True, profile=False, profile_kwargs=None, display=None)
2022-06-23 16:09:52,119:INFO:Checking environment
2022-06-23 16:09:52,119:INFO:python_version: 3.8.13
2022-06-23 16:09:52,119:INFO:python_build: ('default', 'Mar 28 2022 06:59:08')
2022-06-23 16:09:52,119:INFO:machine: AMD64
2022-06-23 16:09:52,119:INFO:platform: Windows-10-10.0.19044-SP0
2022-06-23 16:09:52,119:INFO:Memory: svmem(total=17015459840, available=9142173696, percent=46.3, used=7873286144, free=9142173696)
2022-06-23 16:09:52,120:INFO:Physical Core: 4
2022-06-23 16:09:52,120:INFO:Logical Core: 8
2022-06-23 16:09:52,120:INFO:Checking libraries
2022-06-23 16:09:52,120:INFO:pd==1.4.2
2022-06-23 16:09:52,120:INFO:numpy==1.19.5
2022-06-23 16:09:52,120:INFO:sklearn==0.23.2
2022-06-23 16:09:52,120:INFO:lightgbm==3.3.2
2022-06-23 16:09:52,121:WARNING:catboost not found
2022-06-23 16:09:52,125:WARNING:xgboost not found
2022-06-23 16:09:52,125:INFO:mlflow==1.26.1
2022-06-23 16:09:52,125:INFO:Checking Exceptions
2022-06-23 16:09:52,125:INFO:Declaring global variables
2022-06-23 16:09:52,126:INFO:USI: 6f73
2022-06-23 16:09:52,126:INFO:pycaret_globals: {'n_jobs_param', 'logging_param', 'data_before_preprocess', 'USI', 'X', 'imputation_regressor', '_all_models_internal', 'transform_target_method_param', 'gpu_param', 'fold_param', 'iterative_imputation_iters_param', 'imputation_classifier', 'fold_groups_param_full', '_all_metrics', 'dashboard_logger', 'fold_groups_param', 'target_param', '_internal_pipeline', 'seed', '_all_models', 'exp_name_log', 'html_param', 'log_plots_param', 'fix_imbalance_method_param', 'stratify_param', 'prep_pipe', 'transform_target_param', 'fix_imbalance_param', 'master_model_container', 'fold_generator', 'create_model_container', 'experiment__', '_gpu_n_jobs_param', '_available_plots', 'fold_shuffle_param', 'pycaret_globals', 'display_container', '_ml_usecase'}
2022-06-23 16:09:52,126:INFO:Preparing display monitor
2022-06-23 16:09:52,127:INFO:Preparing display monitor
2022-06-23 16:09:52,162:INFO:Importing libraries
2022-06-23 16:09:52,162:INFO:Copying data for preprocessing
2022-06-23 16:09:52,181:INFO:Declaring preprocessing parameters
2022-06-23 16:09:52,224:INFO:Creating preprocessing pipeline
2022-06-23 16:09:52,233:INFO:Preprocessing pipeline created successfully
2022-06-23 16:09:52,233:ERROR:(Process Exit): setup has been interupted with user command 'quit'. setup must rerun.
2022-06-23 16:09:52,239:INFO:Creating global containers
2022-06-23 16:09:52,239:INFO:Internal pipeline: Pipeline(memory=None, steps=[('empty_step', 'passthrough')], verbose=False)
2022-06-23 16:09:53,119:INFO:Creating grid variables
2022-06-23 16:09:53,142:INFO:create_model_container: 0
2022-06-23 16:09:53,142:INFO:master_model_container: 0
2022-06-23 16:09:53,142:INFO:display_container: 1
2022-06-23 16:09:53,152:INFO:Pipeline(memory=None,
         steps=[('dtypes',
                 DataTypes_Auto_infer(categorical_features=[],
                                      display_types=True, features_todrop=[],
                                      id_columns=[], ml_usecase='regression',
                                      numerical_features=[],
                                      target='UNSUPERVISED_DUMMY_TARGET',
                                      time_features=[])),
                ('imputer',
                 Simple_Imputer(categorical_strategy='most frequent',
                                fill_value_categorical=None,
                                fill_value_numerical=None...
                ('scaling', 'passthrough'), ('P_transform', 'passthrough'),
                ('binn', 'passthrough'), ('rem_outliers', 'passthrough'),
                ('cluster_all', 'passthrough'),
                ('dummy', Dummify(target='UNSUPERVISED_DUMMY_TARGET')),
                ('fix_perfect', 'passthrough'),
                ('clean_names', Clean_Colum_Names()),
                ('feature_select', 'passthrough'), ('fix_multi', 'passthrough'),
                ('dfs', 'passthrough'), ('pca', 'passthrough')],
         verbose=False)
2022-06-23 16:09:53,153:INFO:setup() succesfully completed......................................
2022-06-23 16:09:55,811:INFO:Initializing create_model()
2022-06-23 16:09:55,811:INFO:create_model(estimator=svm, num_clusters=4, fraction=0.05, ground_truth=None, round=4, fit_kwargs=None, verbose=True, system=True, add_to_model_list=True, raise_num_clusters=False, experiment_custom_tags=None, display=None, kwargs={})
2022-06-23 16:09:55,813:INFO:Checking exceptions
2022-06-23 16:09:55,813:INFO:Preparing display monitor
2022-06-23 16:09:55,849:INFO:Importing libraries
2022-06-23 16:09:55,864:INFO:Importing untrained model
2022-06-23 16:09:55,885:INFO:One-class SVM detector Imported succesfully
2022-06-23 16:09:55,906:INFO:Fitting Model
2022-06-23 16:10:16,907:INFO:OCSVM(cache_size=200, coef0=0.0, contamination=0.05, degree=3, gamma='auto',
   kernel='rbf', max_iter=-1, nu=0.5, shrinking=True, tol=0.001,
   verbose=False)
2022-06-23 16:10:16,907:INFO:create_models() succesfully completed......................................
2022-06-23 16:10:16,909:INFO:Uploading results into container
2022-06-23 16:10:16,910:INFO:Uploading model into container now
2022-06-23 16:10:16,912:INFO:create_model_container: 1
2022-06-23 16:10:16,912:INFO:master_model_container: 1
2022-06-23 16:10:16,913:INFO:display_container: 2
2022-06-23 16:10:16,913:INFO:OCSVM(cache_size=200, coef0=0.0, contamination=0.05, degree=3, gamma='auto',
   kernel='rbf', max_iter=-1, nu=0.5, shrinking=True, tol=0.001,
   verbose=False)
2022-06-23 16:10:16,913:INFO:create_model() succesfully completed......................................
2022-06-23 16:10:17,129:INFO:Initializing assign_model()
2022-06-23 16:10:17,129:INFO:assign_model(model=OCSVM(cache_size=200, coef0=0.0, contamination=0.05, degree=3, gamma='auto',
   kernel='rbf', max_iter=-1, nu=0.5, shrinking=True, tol=0.001,
   verbose=False), transformation=False, score=True, verbose=True)
2022-06-23 16:10:17,129:INFO:Checking exceptions
2022-06-23 16:10:17,129:INFO:Determining Trained Model
2022-06-23 16:10:17,131:INFO:Trained Model : One-class SVM detector
2022-06-23 16:10:17,131:INFO:Copying data
2022-06-23 16:10:17,134:INFO:(14016, 7)
2022-06-23 16:10:17,134:INFO:assign_model() succesfully completed......................................
2022-06-23 16:10:17,186:INFO:Initializing predict_model()
2022-06-23 16:10:17,186:INFO:predict_model(estimator=OCSVM(cache_size=200, coef0=0.0, contamination=0.05, degree=3, gamma='auto',
   kernel='rbf', max_iter=-1, nu=0.5, shrinking=True, tol=0.001,
   verbose=False), ml_usecase=MLUsecase.ANOMALY)
2022-06-23 16:11:38,103:INFO:Initializing predict_model()
2022-06-23 16:11:38,104:INFO:predict_model(estimator=OCSVM(cache_size=200, coef0=0.0, contamination=0.05, degree=3, gamma='auto',
   kernel='rbf', max_iter=-1, nu=0.5, shrinking=True, tol=0.001,
   verbose=False), ml_usecase=MLUsecase.ANOMALY)
2022-06-23 16:12:38,234:INFO:Initializing predict_model()
2022-06-23 16:12:38,235:INFO:predict_model(estimator=OCSVM(cache_size=200, coef0=0.0, contamination=0.05, degree=3, gamma='auto',
   kernel='rbf', max_iter=-1, nu=0.5, shrinking=True, tol=0.001,
   verbose=False), ml_usecase=MLUsecase.ANOMALY)
2022-06-23 16:13:39,697:INFO:Initializing save_model()
2022-06-23 16:13:39,697:INFO:save_model(model=OCSVM(cache_size=200, coef0=0.0, contamination=0.05, degree=3, gamma='auto',
   kernel='rbf', max_iter=-1, nu=0.5, shrinking=True, tol=0.001,
   verbose=False), model_name=svm_pipeline, prep_pipe_=Pipeline(memory=None,
         steps=[('dtypes',
                 DataTypes_Auto_infer(categorical_features=[],
                                      display_types=True, features_todrop=[],
                                      id_columns=[], ml_usecase='regression',
                                      numerical_features=[],
                                      target='UNSUPERVISED_DUMMY_TARGET',
                                      time_features=[])),
                ('imputer',
                 Simple_Imputer(categorical_strategy='most frequent',
                                fill_value_categorical=None,
                                fill_value_numerical=None...
                ('scaling', 'passthrough'), ('P_transform', 'passthrough'),
                ('binn', 'passthrough'), ('rem_outliers', 'passthrough'),
                ('cluster_all', 'passthrough'),
                ('dummy', Dummify(target='UNSUPERVISED_DUMMY_TARGET')),
                ('fix_perfect', 'passthrough'),
                ('clean_names', Clean_Colum_Names()),
                ('feature_select', 'passthrough'), ('fix_multi', 'passthrough'),
                ('dfs', 'passthrough'), ('pca', 'passthrough')],
         verbose=False), verbose=True, kwargs={})
2022-06-23 16:13:39,697:INFO:Adding model into prep_pipe
2022-06-23 16:13:39,716:INFO:svm_pipeline.pkl saved in current working directory
2022-06-23 16:13:39,717:INFO:Pipeline(memory=None,
         steps=[('dtypes',
                 DataTypes_Auto_infer(categorical_features=[],
                                      display_types=True, features_todrop=[],
                                      id_columns=[], ml_usecase='regression',
                                      numerical_features=[],
                                      target='UNSUPERVISED_DUMMY_TARGET',
                                      time_features=[])),
                ('imputer',
                 Simple_Imputer(categorical_strategy='most frequent',
                                fill_value_categorical=None,
                                fill_value_numerical=None...
                ('dummy', Dummify(target='UNSUPERVISED_DUMMY_TARGET')),
                ('fix_perfect', 'passthrough'),
                ('clean_names', Clean_Colum_Names()),
                ('feature_select', 'passthrough'), ('fix_multi', 'passthrough'),
                ('dfs', 'passthrough'), ('pca', 'passthrough'),
                ['trained_model',
                 OCSVM(cache_size=200, coef0=0.0, contamination=0.05, degree=3, gamma='auto',
   kernel='rbf', max_iter=-1, nu=0.5, shrinking=True, tol=0.001,
   verbose=False)]],
         verbose=False)
2022-06-23 16:13:39,726:INFO:save_model() successfully completed......................................
2022-06-23 16:14:59,148:INFO:Initializing load_model()
2022-06-23 16:14:59,149:INFO:load_model(model_name=svm_pipeline, platform=None, authentication=None, verbose=True)
2022-06-23 16:51:39,584:INFO:Initializing create_model()
2022-06-23 16:51:39,585:INFO:create_model(estimator=iforest, num_clusters=4, fraction=0.05, ground_truth=None, round=4, fit_kwargs=None, verbose=True, system=True, add_to_model_list=True, raise_num_clusters=False, experiment_custom_tags=None, display=None, kwargs={})
2022-06-23 16:51:39,586:INFO:Checking exceptions
2022-06-23 16:51:39,586:INFO:Preparing display monitor
2022-06-23 16:51:39,620:INFO:Importing libraries
2022-06-23 16:51:39,636:INFO:Importing untrained model
2022-06-23 16:51:39,659:INFO:Isolation Forest Imported succesfully
2022-06-23 16:51:39,680:INFO:Fitting Model
2022-06-23 16:51:53,015:INFO:IForest(behaviour='new', bootstrap=False, contamination=0.05,
    max_features=1.0, max_samples='auto', n_estimators=100, n_jobs=-1,
    random_state=245, verbose=0)
2022-06-23 16:51:53,017:INFO:create_models() succesfully completed......................................
2022-06-23 16:51:53,018:INFO:Uploading results into container
2022-06-23 16:51:53,019:INFO:Uploading model into container now
2022-06-23 16:51:53,022:INFO:create_model_container: 2
2022-06-23 16:51:53,022:INFO:master_model_container: 2
2022-06-23 16:51:53,023:INFO:display_container: 3
2022-06-23 16:51:53,025:INFO:IForest(behaviour='new', bootstrap=False, contamination=0.05,
    max_features=1.0, max_samples='auto', n_estimators=100, n_jobs=-1,
    random_state=245, verbose=0)
2022-06-23 16:51:53,025:INFO:create_model() succesfully completed......................................
2022-06-23 16:52:08,648:INFO:Initializing assign_model()
2022-06-23 16:52:08,650:INFO:assign_model(model=IForest(behaviour='new', bootstrap=False, contamination=0.05,
    max_features=1.0, max_samples='auto', n_estimators=100, n_jobs=-1,
    random_state=245, verbose=0), transformation=False, score=True, verbose=True)
2022-06-23 16:52:08,650:INFO:Checking exceptions
2022-06-23 16:52:08,651:INFO:Determining Trained Model
2022-06-23 16:52:08,651:INFO:Trained Model : Isolation Forest
2022-06-23 16:52:08,651:INFO:Copying data
2022-06-23 16:52:08,653:INFO:(14016, 7)
2022-06-23 16:52:08,654:INFO:assign_model() succesfully completed......................................
2022-06-23 16:52:15,743:INFO:Initializing assign_model()
2022-06-23 16:52:15,744:INFO:assign_model(model=IForest(behaviour='new', bootstrap=False, contamination=0.05,
    max_features=1.0, max_samples='auto', n_estimators=100, n_jobs=-1,
    random_state=245, verbose=0), transformation=False, score=True, verbose=True)
2022-06-23 16:52:15,744:INFO:Checking exceptions
2022-06-23 16:52:15,745:INFO:Determining Trained Model
2022-06-23 16:52:15,746:INFO:Trained Model : Isolation Forest
2022-06-23 16:52:15,747:INFO:Copying data
2022-06-23 16:52:15,749:INFO:(14016, 7)
2022-06-23 16:52:15,749:INFO:assign_model() succesfully completed......................................
2022-06-23 16:52:45,777:INFO:Initializing predict_model()
2022-06-23 16:52:45,777:INFO:predict_model(estimator=IForest(behaviour='new', bootstrap=False, contamination=0.05,
    max_features=1.0, max_samples='auto', n_estimators=100, n_jobs=-1,
    random_state=245, verbose=0), ml_usecase=MLUsecase.ANOMALY)
2022-06-23 16:52:51,670:INFO:Initializing predict_model()
2022-06-23 16:52:51,670:INFO:predict_model(estimator=IForest(behaviour='new', bootstrap=False, contamination=0.05,
    max_features=1.0, max_samples='auto', n_estimators=100, n_jobs=-1,
    random_state=245, verbose=0), ml_usecase=MLUsecase.ANOMALY)
2022-06-23 16:53:30,740:INFO:Initializing save_model()
2022-06-23 16:53:30,740:INFO:save_model(model=IForest(behaviour='new', bootstrap=False, contamination=0.05,
    max_features=1.0, max_samples='auto', n_estimators=100, n_jobs=-1,
    random_state=245, verbose=0), model_name=iforest_pipeline, prep_pipe_=Pipeline(memory=None,
         steps=[('dtypes',
                 DataTypes_Auto_infer(categorical_features=[],
                                      display_types=True, features_todrop=[],
                                      id_columns=[], ml_usecase='regression',
                                      numerical_features=[],
                                      target='UNSUPERVISED_DUMMY_TARGET',
                                      time_features=[])),
                ('imputer',
                 Simple_Imputer(categorical_strategy='most frequent',
                                fill_value_categorical=None,
                                fill_value_numerical=None...
                ('scaling', 'passthrough'), ('P_transform', 'passthrough'),
                ('binn', 'passthrough'), ('rem_outliers', 'passthrough'),
                ('cluster_all', 'passthrough'),
                ('dummy', Dummify(target='UNSUPERVISED_DUMMY_TARGET')),
                ('fix_perfect', 'passthrough'),
                ('clean_names', Clean_Colum_Names()),
                ('feature_select', 'passthrough'), ('fix_multi', 'passthrough'),
                ('dfs', 'passthrough'), ('pca', 'passthrough')],
         verbose=False), verbose=True, kwargs={})
2022-06-23 16:53:30,741:INFO:Adding model into prep_pipe
2022-06-23 16:53:30,818:INFO:iforest_pipeline.pkl saved in current working directory
2022-06-23 16:53:30,822:INFO:Pipeline(memory=None,
         steps=[('dtypes',
                 DataTypes_Auto_infer(categorical_features=[],
                                      display_types=True, features_todrop=[],
                                      id_columns=[], ml_usecase='regression',
                                      numerical_features=[],
                                      target='UNSUPERVISED_DUMMY_TARGET',
                                      time_features=[])),
                ('imputer',
                 Simple_Imputer(categorical_strategy='most frequent',
                                fill_value_categorical=None,
                                fill_value_numerical=None...
                ('fix_perfect', 'passthrough'),
                ('clean_names', Clean_Colum_Names()),
                ('feature_select', 'passthrough'), ('fix_multi', 'passthrough'),
                ('dfs', 'passthrough'), ('pca', 'passthrough'),
                ['trained_model',
                 IForest(behaviour='new', bootstrap=False, contamination=0.05,
    max_features=1.0, max_samples='auto', n_estimators=100, n_jobs=-1,
    random_state=245, verbose=0)]],
         verbose=False)
2022-06-23 16:53:30,822:INFO:save_model() successfully completed......................................
